<?xml version="1.0" encoding="UTF-8"?>
<!-- Generated by org.testng.reporters.JUnitXMLReporter -->
<testsuite ignored="0" hostname="LAPTOP-N5RAN06D" failures="0" tests="6" name="Default test" time="45.146" errors="0" timestamp="2022-04-03T10:11:38 IST">
  <testcase classname="Project.Code1" name="signup" time="3.532"/>
  <testcase classname="Project.Code1" name="signup" time="3.103"/>
  <testcase classname="Project.Code1" name="signup" time="3.141"/>
  <testcase classname="Project.Code1" name="login" time="3.008"/>
  <testcase classname="Project.Code1" name="login" time="3.296"/>
  <testcase classname="Project.Code1" name="login" time="3.466"/>
</testsuite> <!-- Default test -->
