<?xml version="1.0" encoding="UTF-8"?>
<testng-results ignored="0" total="1" passed="1" failed="0" skipped="0">
  <reporter-output>
  </reporter-output>
  <suite started-at="2022-04-06T21:16:59 IST" name="Default suite" finished-at="2022-04-06T21:17:09 IST" duration-ms="9766">
    <groups>
    </groups>
    <test started-at="2022-04-06T21:16:59 IST" name="Default test" finished-at="2022-04-06T21:17:09 IST" duration-ms="9766">
      <class name="Project.AssertionHard">
        <test-method is-config="true" signature="beforeCheck()[pri:0, instance:Project.AssertionHard@72e5a8e]" started-at="2022-04-06T21:16:59 IST" name="beforeCheck" finished-at="2022-04-06T21:17:04 IST" duration-ms="5428" status="PASS">
          <reporter-output>
          </reporter-output>
        </test-method> <!-- beforeCheck -->
        <test-method signature="hardAssertion()[pri:0, instance:Project.AssertionHard@72e5a8e]" started-at="2022-04-06T21:17:04 IST" name="hardAssertion" finished-at="2022-04-06T21:17:09 IST" duration-ms="4274" status="PASS">
          <reporter-output>
          </reporter-output>
        </test-method> <!-- hardAssertion -->
      </class> <!-- Project.AssertionHard -->
    </test> <!-- Default test -->
  </suite> <!-- Default suite -->
</testng-results>
