<?xml version="1.0" encoding="UTF-8"?>
<testng-results ignored="0" total="6" passed="6" failed="0" skipped="0">
  <reporter-output>
  </reporter-output>
  <suite started-at="2022-04-03T10:10:53 IST" name="Default suite" finished-at="2022-04-03T10:11:38 IST" duration-ms="45146">
    <groups>
    </groups>
    <test started-at="2022-04-03T10:10:53 IST" name="Default test" finished-at="2022-04-03T10:11:38 IST" duration-ms="45146">
      <class name="Project.Code1">
        <test-method is-config="true" signature="beforeLogin()[pri:0, instance:Project.Code1@6392827e]" started-at="2022-04-03T10:10:53 IST" name="beforeLogin" finished-at="2022-04-03T10:10:53 IST" duration-ms="5" status="PASS">
          <reporter-output>
          </reporter-output>
        </test-method> <!-- beforeLogin -->
        <test-method is-config="true" signature="beforeTest()[pri:0, instance:Project.Code1@6392827e]" started-at="2022-04-03T10:10:53 IST" name="beforeTest" finished-at="2022-04-03T10:10:58 IST" duration-ms="4844" status="PASS">
          <reporter-output>
          </reporter-output>
        </test-method> <!-- beforeTest -->
        <test-method signature="signup(java.lang.String,java.lang.String,java.lang.String,java.lang.String)[pri:0, instance:Project.Code1@6392827e]" started-at="2022-04-03T10:10:58 IST" name="signup" data-provider="Signup" finished-at="2022-04-03T10:11:02 IST" duration-ms="3532" status="PASS">
          <params>
            <param index="0">
              <value>
                <![CDATA[Kartikeya]]>
              </value>
            </param>
            <param index="1">
              <value>
                <![CDATA[Khanna]]>
              </value>
            </param>
            <param index="2">
              <value>
                <![CDATA[500078285@stu.upes.in.ac]]>
              </value>
            </param>
            <param index="3">
              <value>
                <![CDATA[Khanna@5301]]>
              </value>
            </param>
          </params>
          <reporter-output>
          </reporter-output>
        </test-method> <!-- signup -->
        <test-method is-config="true" signature="afterTest()[pri:0, instance:Project.Code1@6392827e]" started-at="2022-04-03T10:11:02 IST" name="afterTest" finished-at="2022-04-03T10:11:02 IST" duration-ms="168" status="PASS">
          <reporter-output>
          </reporter-output>
        </test-method> <!-- afterTest -->
        <test-method is-config="true" signature="beforeTest()[pri:0, instance:Project.Code1@6392827e]" started-at="2022-04-03T10:11:02 IST" name="beforeTest" finished-at="2022-04-03T10:11:06 IST" duration-ms="3811" status="PASS">
          <reporter-output>
          </reporter-output>
        </test-method> <!-- beforeTest -->
        <test-method signature="signup(java.lang.String,java.lang.String,java.lang.String,java.lang.String)[pri:0, instance:Project.Code1@6392827e]" started-at="2022-04-03T10:11:06 IST" name="signup" data-provider="Signup" finished-at="2022-04-03T10:11:09 IST" duration-ms="3103" status="PASS">
          <params>
            <param index="0">
              <value>
                <![CDATA[Pratham]]>
              </value>
            </param>
            <param index="1">
              <value>
                <![CDATA[Tyagi]]>
              </value>
            </param>
            <param index="2">
              <value>
                <![CDATA[500076693@stu.upes.ac.in]]>
              </value>
            </param>
            <param index="3">
              <value>
                <![CDATA[Khanna@5301]]>
              </value>
            </param>
          </params>
          <reporter-output>
          </reporter-output>
        </test-method> <!-- signup -->
        <test-method is-config="true" signature="afterTest()[pri:0, instance:Project.Code1@6392827e]" started-at="2022-04-03T10:11:09 IST" name="afterTest" finished-at="2022-04-03T10:11:09 IST" duration-ms="134" status="PASS">
          <reporter-output>
          </reporter-output>
        </test-method> <!-- afterTest -->
        <test-method is-config="true" signature="beforeTest()[pri:0, instance:Project.Code1@6392827e]" started-at="2022-04-03T10:11:09 IST" name="beforeTest" finished-at="2022-04-03T10:11:13 IST" duration-ms="3693" status="PASS">
          <reporter-output>
          </reporter-output>
        </test-method> <!-- beforeTest -->
        <test-method signature="signup(java.lang.String,java.lang.String,java.lang.String,java.lang.String)[pri:0, instance:Project.Code1@6392827e]" started-at="2022-04-03T10:11:13 IST" name="signup" data-provider="Signup" finished-at="2022-04-03T10:11:16 IST" duration-ms="3141" status="PASS">
          <params>
            <param index="0">
              <value>
                <![CDATA[Aditya]]>
              </value>
            </param>
            <param index="1">
              <value>
                <![CDATA[Raj]]>
              </value>
            </param>
            <param index="2">
              <value>
                <![CDATA[500076748@stu.upes.ac.in]]>
              </value>
            </param>
            <param index="3">
              <value>
                <![CDATA[Khanna@5301]]>
              </value>
            </param>
          </params>
          <reporter-output>
          </reporter-output>
        </test-method> <!-- signup -->
        <test-method is-config="true" signature="afterTest()[pri:0, instance:Project.Code1@6392827e]" started-at="2022-04-03T10:11:16 IST" name="afterTest" finished-at="2022-04-03T10:11:16 IST" duration-ms="147" status="PASS">
          <reporter-output>
          </reporter-output>
        </test-method> <!-- afterTest -->
        <test-method is-config="true" signature="beforeTest()[pri:0, instance:Project.Code1@6392827e]" started-at="2022-04-03T10:11:16 IST" name="beforeTest" finished-at="2022-04-03T10:11:20 IST" duration-ms="3805" status="PASS">
          <reporter-output>
          </reporter-output>
        </test-method> <!-- beforeTest -->
        <test-method signature="login(java.lang.String,java.lang.String)[pri:1, instance:Project.Code1@6392827e]" started-at="2022-04-03T10:11:20 IST" name="login" data-provider="login" finished-at="2022-04-03T10:11:23 IST" duration-ms="3008" status="PASS">
          <params>
            <param index="0">
              <value>
                <![CDATA[500078285@stu.upes.in.ac]]>
              </value>
            </param>
            <param index="1">
              <value>
                <![CDATA[Khanna@5301]]>
              </value>
            </param>
          </params>
          <reporter-output>
          </reporter-output>
        </test-method> <!-- login -->
        <test-method is-config="true" signature="afterTest()[pri:0, instance:Project.Code1@6392827e]" started-at="2022-04-03T10:11:23 IST" name="afterTest" finished-at="2022-04-03T10:11:23 IST" duration-ms="150" status="PASS">
          <reporter-output>
          </reporter-output>
        </test-method> <!-- afterTest -->
        <test-method is-config="true" signature="beforeTest()[pri:0, instance:Project.Code1@6392827e]" started-at="2022-04-03T10:11:23 IST" name="beforeTest" finished-at="2022-04-03T10:11:27 IST" duration-ms="4179" status="PASS">
          <reporter-output>
          </reporter-output>
        </test-method> <!-- beforeTest -->
        <test-method signature="login(java.lang.String,java.lang.String)[pri:1, instance:Project.Code1@6392827e]" started-at="2022-04-03T10:11:27 IST" name="login" data-provider="login" finished-at="2022-04-03T10:11:30 IST" duration-ms="3296" status="PASS">
          <params>
            <param index="0">
              <value>
                <![CDATA[500076693@stu.upes.ac.in]]>
              </value>
            </param>
            <param index="1">
              <value>
                <![CDATA[Khanna@5301]]>
              </value>
            </param>
          </params>
          <reporter-output>
          </reporter-output>
        </test-method> <!-- login -->
        <test-method is-config="true" signature="afterTest()[pri:0, instance:Project.Code1@6392827e]" started-at="2022-04-03T10:11:30 IST" name="afterTest" finished-at="2022-04-03T10:11:31 IST" duration-ms="151" status="PASS">
          <reporter-output>
          </reporter-output>
        </test-method> <!-- afterTest -->
        <test-method is-config="true" signature="beforeTest()[pri:0, instance:Project.Code1@6392827e]" started-at="2022-04-03T10:11:31 IST" name="beforeTest" finished-at="2022-04-03T10:11:35 IST" duration-ms="4302" status="PASS">
          <reporter-output>
          </reporter-output>
        </test-method> <!-- beforeTest -->
        <test-method signature="login(java.lang.String,java.lang.String)[pri:1, instance:Project.Code1@6392827e]" started-at="2022-04-03T10:11:35 IST" name="login" data-provider="login" finished-at="2022-04-03T10:11:38 IST" duration-ms="3466" status="PASS">
          <params>
            <param index="0">
              <value>
                <![CDATA[500076748@stu.upes.ac.in]]>
              </value>
            </param>
            <param index="1">
              <value>
                <![CDATA[Khanna@5301]]>
              </value>
            </param>
          </params>
          <reporter-output>
          </reporter-output>
        </test-method> <!-- login -->
        <test-method is-config="true" signature="afterTest()[pri:0, instance:Project.Code1@6392827e]" started-at="2022-04-03T10:11:38 IST" name="afterTest" finished-at="2022-04-03T10:11:38 IST" duration-ms="164" status="PASS">
          <reporter-output>
          </reporter-output>
        </test-method> <!-- afterTest -->
      </class> <!-- Project.Code1 -->
    </test> <!-- Default test -->
  </suite> <!-- Default suite -->
</testng-results>
